<?xml version="1.0" encoding="UTF-8"?>
<testng-results skipped="0" failed="0" ignored="0" total="1" passed="1">
  <reporter-output>
  </reporter-output>
  <suite name="Default suite" duration-ms="15088" started-at="2020-07-19T18:21:35 CDT" finished-at="2020-07-19T18:21:50 CDT">
    <groups>
    </groups>
    <test name="Default test" duration-ms="15088" started-at="2020-07-19T18:21:35 CDT" finished-at="2020-07-19T18:21:50 CDT">
      <class name="test.LoginTest">
        <test-method status="PASS" signature="techfiosLogin()[pri:0, instance:test.LoginTest@4bb4de6a]" name="techfiosLogin" duration-ms="15008" started-at="2020-07-19T18:21:35 CDT" finished-at="2020-07-19T18:21:50 CDT">
          <reporter-output>
          </reporter-output>
        </test-method> <!-- techfiosLogin -->
      </class> <!-- test.LoginTest -->
    </test> <!-- Default test -->
  </suite> <!-- Default suite -->
</testng-results>
